{"/Users/tomrobak/_code_/better-auth-telegram/src/client.ts": {"path":"/Users/tomrobak/_code_/better-auth-telegram/src/client.ts","all":false,"statementMap":{"9":{"start":{"line":10,"column":0},"end":{"line":10,"column":79}},"48":{"start":{"line":49,"column":0},"end":{"line":49,"column":52}},"49":{"start":{"line":50,"column":0},"end":{"line":50,"column":43}},"51":{"start":{"line":52,"column":0},"end":{"line":52,"column":42}},"52":{"start":{"line":53,"column":0},"end":{"line":53,"column":16}},"53":{"start":{"line":54,"column":0},"end":{"line":54,"column":13}},"54":{"start":{"line":55,"column":0},"end":{"line":55,"column":5}},"56":{"start":{"line":57,"column":0},"end":{"line":57,"column":52}},"57":{"start":{"line":58,"column":0},"end":{"line":58,"column":40}},"58":{"start":{"line":59,"column":0},"end":{"line":59,"column":24}},"59":{"start":{"line":60,"column":0},"end":{"line":60,"column":36}},"60":{"start":{"line":61,"column":0},"end":{"line":61,"column":86}},"61":{"start":{"line":62,"column":0},"end":{"line":62,"column":38}},"62":{"start":{"line":63,"column":0},"end":{"line":63,"column":5}},"63":{"start":{"line":64,"column":0},"end":{"line":64,"column":1}},"68":{"start":{"line":69,"column":0},"end":{"line":69,"column":37}},"69":{"start":{"line":70,"column":0},"end":{"line":70,"column":10}},"70":{"start":{"line":71,"column":0},"end":{"line":71,"column":19}},"71":{"start":{"line":72,"column":0},"end":{"line":72,"column":57}},"73":{"start":{"line":74,"column":0},"end":{"line":74,"column":30}},"78":{"start":{"line":79,"column":0},"end":{"line":79,"column":65}},"79":{"start":{"line":80,"column":0},"end":{"line":80,"column":59}},"80":{"start":{"line":81,"column":0},"end":{"line":81,"column":25}},"81":{"start":{"line":82,"column":0},"end":{"line":82,"column":25}},"82":{"start":{"line":83,"column":0},"end":{"line":83,"column":11}},"84":{"start":{"line":85,"column":0},"end":{"line":85,"column":24}},"85":{"start":{"line":86,"column":0},"end":{"line":86,"column":8}},"91":{"start":{"line":92,"column":0},"end":{"line":92,"column":59}},"92":{"start":{"line":93,"column":0},"end":{"line":93,"column":57}},"93":{"start":{"line":94,"column":0},"end":{"line":94,"column":25}},"94":{"start":{"line":95,"column":0},"end":{"line":95,"column":25}},"95":{"start":{"line":96,"column":0},"end":{"line":96,"column":11}},"97":{"start":{"line":98,"column":0},"end":{"line":98,"column":24}},"98":{"start":{"line":99,"column":0},"end":{"line":99,"column":8}},"103":{"start":{"line":104,"column":0},"end":{"line":104,"column":35}},"104":{"start":{"line":105,"column":0},"end":{"line":105,"column":59}},"105":{"start":{"line":106,"column":0},"end":{"line":106,"column":25}},"106":{"start":{"line":107,"column":0},"end":{"line":107,"column":11}},"108":{"start":{"line":109,"column":0},"end":{"line":109,"column":24}},"109":{"start":{"line":110,"column":0},"end":{"line":110,"column":8}},"114":{"start":{"line":115,"column":0},"end":{"line":115,"column":38}},"115":{"start":{"line":116,"column":0},"end":{"line":116,"column":84}},"116":{"start":{"line":117,"column":0},"end":{"line":117,"column":24}},"117":{"start":{"line":118,"column":0},"end":{"line":118,"column":11}},"119":{"start":{"line":120,"column":0},"end":{"line":120,"column":24}},"120":{"start":{"line":121,"column":0},"end":{"line":121,"column":8}},"141":{"start":{"line":142,"column":0},"end":{"line":142,"column":33}},"142":{"start":{"line":143,"column":0},"end":{"line":143,"column":28}},"143":{"start":{"line":144,"column":0},"end":{"line":144,"column":44}},"144":{"start":{"line":145,"column":0},"end":{"line":145,"column":68}},"145":{"start":{"line":146,"column":0},"end":{"line":146,"column":12}},"147":{"start":{"line":148,"column":0},"end":{"line":148,"column":41}},"150":{"start":{"line":151,"column":0},"end":{"line":151,"column":90}},"151":{"start":{"line":152,"column":0},"end":{"line":152,"column":24}},"152":{"start":{"line":153,"column":0},"end":{"line":153,"column":11}},"154":{"start":{"line":155,"column":0},"end":{"line":155,"column":35}},"155":{"start":{"line":156,"column":0},"end":{"line":156,"column":59}},"156":{"start":{"line":157,"column":0},"end":{"line":157,"column":9}},"158":{"start":{"line":159,"column":0},"end":{"line":159,"column":43}},"159":{"start":{"line":160,"column":0},"end":{"line":160,"column":15}},"160":{"start":{"line":161,"column":0},"end":{"line":161,"column":25}},"161":{"start":{"line":162,"column":0},"end":{"line":162,"column":31}},"162":{"start":{"line":163,"column":0},"end":{"line":163,"column":28}},"163":{"start":{"line":164,"column":0},"end":{"line":164,"column":32}},"164":{"start":{"line":165,"column":0},"end":{"line":165,"column":15}},"165":{"start":{"line":166,"column":0},"end":{"line":166,"column":20}},"167":{"start":{"line":168,"column":0},"end":{"line":168,"column":63}},"168":{"start":{"line":169,"column":0},"end":{"line":169,"column":25}},"169":{"start":{"line":170,"column":0},"end":{"line":170,"column":74}},"170":{"start":{"line":171,"column":0},"end":{"line":171,"column":9}},"173":{"start":{"line":174,"column":0},"end":{"line":174,"column":33}},"176":{"start":{"line":177,"column":0},"end":{"line":177,"column":62}},"177":{"start":{"line":178,"column":0},"end":{"line":178,"column":73}},"178":{"start":{"line":179,"column":0},"end":{"line":179,"column":27}},"180":{"start":{"line":181,"column":0},"end":{"line":181,"column":47}},"181":{"start":{"line":182,"column":0},"end":{"line":182,"column":10}},"184":{"start":{"line":185,"column":0},"end":{"line":185,"column":56}},"185":{"start":{"line":186,"column":0},"end":{"line":186,"column":44}},"186":{"start":{"line":187,"column":0},"end":{"line":187,"column":28}},"187":{"start":{"line":188,"column":0},"end":{"line":188,"column":71}},"188":{"start":{"line":189,"column":0},"end":{"line":189,"column":47}},"189":{"start":{"line":190,"column":0},"end":{"line":190,"column":70}},"190":{"start":{"line":191,"column":0},"end":{"line":191,"column":68}},"191":{"start":{"line":192,"column":0},"end":{"line":192,"column":68}},"193":{"start":{"line":194,"column":0},"end":{"line":194,"column":28}},"194":{"start":{"line":195,"column":0},"end":{"line":195,"column":62}},"195":{"start":{"line":196,"column":0},"end":{"line":196,"column":9}},"197":{"start":{"line":198,"column":0},"end":{"line":198,"column":19}},"198":{"start":{"line":199,"column":0},"end":{"line":199,"column":49}},"199":{"start":{"line":200,"column":0},"end":{"line":200,"column":9}},"201":{"start":{"line":202,"column":0},"end":{"line":202,"column":38}},"202":{"start":{"line":203,"column":0},"end":{"line":203,"column":8}},"218":{"start":{"line":219,"column":0},"end":{"line":219,"column":41}},"219":{"start":{"line":220,"column":0},"end":{"line":220,"column":28}},"220":{"start":{"line":221,"column":0},"end":{"line":221,"column":28}},"221":{"start":{"line":222,"column":0},"end":{"line":222,"column":43}},"222":{"start":{"line":223,"column":0},"end":{"line":223,"column":12}},"224":{"start":{"line":225,"column":0},"end":{"line":225,"column":41}},"227":{"start":{"line":228,"column":0},"end":{"line":228,"column":90}},"228":{"start":{"line":229,"column":0},"end":{"line":229,"column":24}},"229":{"start":{"line":230,"column":0},"end":{"line":230,"column":11}},"231":{"start":{"line":232,"column":0},"end":{"line":232,"column":35}},"232":{"start":{"line":233,"column":0},"end":{"line":233,"column":59}},"233":{"start":{"line":234,"column":0},"end":{"line":234,"column":9}},"235":{"start":{"line":236,"column":0},"end":{"line":236,"column":43}},"236":{"start":{"line":237,"column":0},"end":{"line":237,"column":15}},"237":{"start":{"line":238,"column":0},"end":{"line":238,"column":25}},"238":{"start":{"line":239,"column":0},"end":{"line":239,"column":31}},"239":{"start":{"line":240,"column":0},"end":{"line":240,"column":28}},"240":{"start":{"line":241,"column":0},"end":{"line":241,"column":32}},"241":{"start":{"line":242,"column":0},"end":{"line":242,"column":15}},"242":{"start":{"line":243,"column":0},"end":{"line":243,"column":20}},"244":{"start":{"line":245,"column":0},"end":{"line":245,"column":63}},"245":{"start":{"line":246,"column":0},"end":{"line":246,"column":25}},"246":{"start":{"line":247,"column":0},"end":{"line":247,"column":74}},"247":{"start":{"line":248,"column":0},"end":{"line":248,"column":9}},"250":{"start":{"line":251,"column":0},"end":{"line":251,"column":33}},"253":{"start":{"line":254,"column":0},"end":{"line":254,"column":56}},"254":{"start":{"line":255,"column":0},"end":{"line":255,"column":44}},"255":{"start":{"line":256,"column":0},"end":{"line":256,"column":28}},"256":{"start":{"line":257,"column":0},"end":{"line":257,"column":71}},"257":{"start":{"line":258,"column":0},"end":{"line":258,"column":47}},"258":{"start":{"line":259,"column":0},"end":{"line":259,"column":70}},"259":{"start":{"line":260,"column":0},"end":{"line":260,"column":68}},"260":{"start":{"line":261,"column":0},"end":{"line":261,"column":58}},"262":{"start":{"line":263,"column":0},"end":{"line":263,"column":28}},"263":{"start":{"line":264,"column":0},"end":{"line":264,"column":62}},"264":{"start":{"line":265,"column":0},"end":{"line":265,"column":9}},"266":{"start":{"line":267,"column":0},"end":{"line":267,"column":19}},"267":{"start":{"line":268,"column":0},"end":{"line":268,"column":49}},"268":{"start":{"line":269,"column":0},"end":{"line":269,"column":9}},"270":{"start":{"line":271,"column":0},"end":{"line":271,"column":38}},"271":{"start":{"line":272,"column":0},"end":{"line":272,"column":8}},"272":{"start":{"line":273,"column":0},"end":{"line":273,"column":7}},"273":{"start":{"line":274,"column":0},"end":{"line":274,"column":37}},"274":{"start":{"line":275,"column":0},"end":{"line":275,"column":2}},"276":{"start":{"line":277,"column":0},"end":{"line":277,"column":30}}},"s":{"9":1,"48":17,"49":17,"51":17,"52":17,"53":17,"54":17,"56":0,"57":0,"58":0,"59":0,"60":0,"61":0,"62":17,"63":17,"68":1,"69":34,"70":34,"71":34,"73":34,"78":33,"79":4,"80":4,"81":4,"82":4,"84":3,"85":4,"91":33,"92":3,"93":3,"94":3,"95":3,"97":2,"98":3,"103":33,"104":4,"105":4,"106":4,"108":3,"109":4,"114":33,"115":3,"116":3,"117":3,"119":2,"120":3,"141":33,"142":11,"143":11,"144":11,"145":11,"147":11,"150":11,"151":11,"152":11,"154":11,"155":1,"156":1,"158":10,"159":10,"160":10,"161":10,"162":10,"163":10,"164":10,"165":10,"167":10,"168":11,"169":1,"170":1,"173":9,"176":9,"177":9,"178":2,"180":2,"181":2,"184":9,"185":9,"186":9,"187":9,"188":9,"189":9,"190":9,"191":9,"193":11,"194":1,"195":1,"197":11,"198":1,"199":1,"201":9,"202":11,"218":33,"219":6,"220":6,"221":6,"222":6,"224":6,"227":6,"228":6,"229":6,"231":6,"232":0,"233":0,"235":6,"236":6,"237":6,"238":6,"239":6,"240":6,"241":6,"242":6,"244":6,"245":6,"246":1,"247":1,"250":5,"253":5,"254":5,"255":5,"256":5,"257":5,"258":5,"259":5,"260":5,"262":6,"263":1,"264":1,"266":6,"267":1,"268":1,"270":5,"271":6,"272":33,"273":34,"274":34,"276":1},"branchMap":{"0":{"type":"branch","line":49,"loc":{"start":{"line":49,"column":0},"end":{"line":64,"column":1}},"locations":[{"start":{"line":49,"column":0},"end":{"line":64,"column":1}}]},"1":{"type":"branch","line":50,"loc":{"start":{"line":50,"column":21},"end":{"line":63,"column":3}},"locations":[{"start":{"line":50,"column":21},"end":{"line":63,"column":3}}]},"2":{"type":"branch","line":55,"loc":{"start":{"line":55,"column":4},"end":{"line":62,"column":38}},"locations":[{"start":{"line":55,"column":4},"end":{"line":62,"column":38}}]},"3":{"type":"branch","line":69,"loc":{"start":{"line":69,"column":30},"end":{"line":275,"column":2}},"locations":[{"start":{"line":69,"column":30},"end":{"line":275,"column":2}}]},"4":{"type":"branch","line":74,"loc":{"start":{"line":74,"column":16},"end":{"line":273,"column":7}},"locations":[{"start":{"line":74,"column":16},"end":{"line":273,"column":7}}]},"5":{"type":"branch","line":79,"loc":{"start":{"line":79,"column":26},"end":{"line":86,"column":8}},"locations":[{"start":{"line":79,"column":26},"end":{"line":86,"column":8}}]},"6":{"type":"branch","line":83,"loc":{"start":{"line":83,"column":9},"end":{"line":85,"column":24}},"locations":[{"start":{"line":83,"column":9},"end":{"line":85,"column":24}}]},"7":{"type":"branch","line":92,"loc":{"start":{"line":92,"column":20},"end":{"line":99,"column":8}},"locations":[{"start":{"line":92,"column":20},"end":{"line":99,"column":8}}]},"8":{"type":"branch","line":96,"loc":{"start":{"line":96,"column":9},"end":{"line":98,"column":24}},"locations":[{"start":{"line":96,"column":9},"end":{"line":98,"column":24}}]},"9":{"type":"branch","line":104,"loc":{"start":{"line":104,"column":22},"end":{"line":110,"column":8}},"locations":[{"start":{"line":104,"column":22},"end":{"line":110,"column":8}}]},"10":{"type":"branch","line":107,"loc":{"start":{"line":107,"column":9},"end":{"line":109,"column":24}},"locations":[{"start":{"line":107,"column":9},"end":{"line":109,"column":24}}]},"11":{"type":"branch","line":115,"loc":{"start":{"line":115,"column":25},"end":{"line":121,"column":8}},"locations":[{"start":{"line":115,"column":25},"end":{"line":121,"column":8}}]},"12":{"type":"branch","line":118,"loc":{"start":{"line":118,"column":9},"end":{"line":120,"column":24}},"locations":[{"start":{"line":118,"column":9},"end":{"line":120,"column":24}}]},"13":{"type":"branch","line":142,"loc":{"start":{"line":142,"column":26},"end":{"line":203,"column":8}},"locations":[{"start":{"line":142,"column":26},"end":{"line":203,"column":8}}]},"14":{"type":"branch","line":155,"loc":{"start":{"line":155,"column":34},"end":{"line":157,"column":9}},"locations":[{"start":{"line":155,"column":34},"end":{"line":157,"column":9}}]},"15":{"type":"branch","line":157,"loc":{"start":{"line":157,"column":8},"end":{"line":169,"column":24}},"locations":[{"start":{"line":157,"column":8},"end":{"line":169,"column":24}}]},"16":{"type":"branch","line":169,"loc":{"start":{"line":169,"column":24},"end":{"line":171,"column":9}},"locations":[{"start":{"line":169,"column":24},"end":{"line":171,"column":9}}]},"17":{"type":"branch","line":171,"loc":{"start":{"line":171,"column":8},"end":{"line":194,"column":27}},"locations":[{"start":{"line":171,"column":8},"end":{"line":194,"column":27}}]},"18":{"type":"branch","line":194,"loc":{"start":{"line":194,"column":27},"end":{"line":196,"column":9}},"locations":[{"start":{"line":194,"column":27},"end":{"line":196,"column":9}}]},"19":{"type":"branch","line":196,"loc":{"start":{"line":196,"column":8},"end":{"line":198,"column":18}},"locations":[{"start":{"line":196,"column":8},"end":{"line":198,"column":18}}]},"20":{"type":"branch","line":198,"loc":{"start":{"line":198,"column":18},"end":{"line":200,"column":9}},"locations":[{"start":{"line":198,"column":18},"end":{"line":200,"column":9}}]},"21":{"type":"branch","line":200,"loc":{"start":{"line":200,"column":8},"end":{"line":202,"column":38}},"locations":[{"start":{"line":200,"column":8},"end":{"line":202,"column":38}}]},"22":{"type":"branch","line":178,"loc":{"start":{"line":178,"column":40},"end":{"line":182,"column":10}},"locations":[{"start":{"line":178,"column":40},"end":{"line":182,"column":10}}]},"23":{"type":"branch","line":219,"loc":{"start":{"line":219,"column":34},"end":{"line":272,"column":8}},"locations":[{"start":{"line":219,"column":34},"end":{"line":272,"column":8}}]},"24":{"type":"branch","line":232,"loc":{"start":{"line":232,"column":34},"end":{"line":234,"column":9}},"locations":[{"start":{"line":232,"column":34},"end":{"line":234,"column":9}}]},"25":{"type":"branch","line":246,"loc":{"start":{"line":246,"column":24},"end":{"line":248,"column":9}},"locations":[{"start":{"line":246,"column":24},"end":{"line":248,"column":9}}]},"26":{"type":"branch","line":248,"loc":{"start":{"line":248,"column":8},"end":{"line":263,"column":27}},"locations":[{"start":{"line":248,"column":8},"end":{"line":263,"column":27}}]},"27":{"type":"branch","line":263,"loc":{"start":{"line":263,"column":27},"end":{"line":265,"column":9}},"locations":[{"start":{"line":263,"column":27},"end":{"line":265,"column":9}}]},"28":{"type":"branch","line":265,"loc":{"start":{"line":265,"column":8},"end":{"line":267,"column":18}},"locations":[{"start":{"line":265,"column":8},"end":{"line":267,"column":18}}]},"29":{"type":"branch","line":267,"loc":{"start":{"line":267,"column":18},"end":{"line":269,"column":9}},"locations":[{"start":{"line":267,"column":18},"end":{"line":269,"column":9}}]},"30":{"type":"branch","line":269,"loc":{"start":{"line":269,"column":8},"end":{"line":271,"column":38}},"locations":[{"start":{"line":269,"column":8},"end":{"line":271,"column":38}}]}},"b":{"0":[17],"1":[17],"2":[0],"3":[34],"4":[33],"5":[4],"6":[3],"7":[3],"8":[2],"9":[4],"10":[3],"11":[3],"12":[2],"13":[11],"14":[1],"15":[10],"16":[1],"17":[9],"18":[1],"19":[9],"20":[1],"21":[9],"22":[2],"23":[6],"24":[0],"25":[1],"26":[5],"27":[1],"28":[5],"29":[1],"30":[5]},"fnMap":{"0":{"name":"loadTelegramWidgetScript","decl":{"start":{"line":49,"column":0},"end":{"line":64,"column":1}},"loc":{"start":{"line":49,"column":0},"end":{"line":64,"column":1}},"line":49},"1":{"name":"script.onload","decl":{"start":{"line":60,"column":20},"end":{"line":60,"column":36}},"loc":{"start":{"line":60,"column":20},"end":{"line":60,"column":36}},"line":60},"2":{"name":"script.onerror","decl":{"start":{"line":61,"column":21},"end":{"line":61,"column":86}},"loc":{"start":{"line":61,"column":21},"end":{"line":61,"column":86}},"line":61},"3":{"name":"telegramClient","decl":{"start":{"line":69,"column":30},"end":{"line":275,"column":2}},"loc":{"start":{"line":69,"column":30},"end":{"line":275,"column":2}},"line":69},"4":{"name":"getActions","decl":{"start":{"line":74,"column":16},"end":{"line":273,"column":7}},"loc":{"start":{"line":74,"column":16},"end":{"line":273,"column":7}},"line":74},"5":{"name":"signInWithTelegram","decl":{"start":{"line":79,"column":26},"end":{"line":86,"column":8}},"loc":{"start":{"line":79,"column":26},"end":{"line":86,"column":8}},"line":79},"6":{"name":"linkTelegram","decl":{"start":{"line":92,"column":20},"end":{"line":99,"column":8}},"loc":{"start":{"line":92,"column":20},"end":{"line":99,"column":8}},"line":92},"7":{"name":"unlinkTelegram","decl":{"start":{"line":104,"column":22},"end":{"line":110,"column":8}},"loc":{"start":{"line":104,"column":22},"end":{"line":110,"column":8}},"line":104},"8":{"name":"getTelegramConfig","decl":{"start":{"line":115,"column":25},"end":{"line":121,"column":8}},"loc":{"start":{"line":115,"column":25},"end":{"line":121,"column":8}},"line":115},"9":{"name":"initTelegramWidget","decl":{"start":{"line":142,"column":26},"end":{"line":203,"column":8}},"loc":{"start":{"line":142,"column":26},"end":{"line":203,"column":8}},"line":142},"10":{"name":"window.<computed>","decl":{"start":{"line":178,"column":40},"end":{"line":182,"column":10}},"loc":{"start":{"line":178,"column":40},"end":{"line":182,"column":10}},"line":178},"11":{"name":"initTelegramWidgetRedirect","decl":{"start":{"line":219,"column":34},"end":{"line":272,"column":8}},"loc":{"start":{"line":219,"column":34},"end":{"line":272,"column":8}},"line":219}},"f":{"0":17,"1":0,"2":0,"3":34,"4":33,"5":4,"6":3,"7":4,"8":3,"9":11,"10":2,"11":6}}
,"/Users/tomrobak/_code_/better-auth-telegram/src/verify.ts": {"path":"/Users/tomrobak/_code_/better-auth-telegram/src/verify.ts","all":false,"statementMap":{"0":{"start":{"line":1,"column":0},"end":{"line":1,"column":48}},"10":{"start":{"line":11,"column":0},"end":{"line":11,"column":35}},"11":{"start":{"line":12,"column":0},"end":{"line":12,"column":25}},"12":{"start":{"line":13,"column":0},"end":{"line":13,"column":19}},"13":{"start":{"line":14,"column":0},"end":{"line":14,"column":24}},"14":{"start":{"line":15,"column":0},"end":{"line":15,"column":12}},"16":{"start":{"line":17,"column":0},"end":{"line":17,"column":44}},"19":{"start":{"line":20,"column":0},"end":{"line":20,"column":45}},"20":{"start":{"line":21,"column":0},"end":{"line":21,"column":52}},"22":{"start":{"line":23,"column":0},"end":{"line":23,"column":40}},"23":{"start":{"line":24,"column":0},"end":{"line":24,"column":17}},"24":{"start":{"line":25,"column":0},"end":{"line":25,"column":3}},"27":{"start":{"line":28,"column":0},"end":{"line":28,"column":54}},"28":{"start":{"line":29,"column":0},"end":{"line":29,"column":11}},"29":{"start":{"line":30,"column":0},"end":{"line":30,"column":19}},"30":{"start":{"line":31,"column":0},"end":{"line":31,"column":73}},"31":{"start":{"line":32,"column":0},"end":{"line":32,"column":31}},"32":{"start":{"line":33,"column":0},"end":{"line":33,"column":6}},"33":{"start":{"line":34,"column":0},"end":{"line":34,"column":16}},"36":{"start":{"line":37,"column":0},"end":{"line":37,"column":40}},"37":{"start":{"line":38,"column":0},"end":{"line":38,"column":21}},"38":{"start":{"line":39,"column":0},"end":{"line":39,"column":14}},"41":{"start":{"line":42,"column":0},"end":{"line":42,"column":46}},"42":{"start":{"line":43,"column":0},"end":{"line":43,"column":28}},"43":{"start":{"line":44,"column":0},"end":{"line":44,"column":19}},"46":{"start":{"line":47,"column":0},"end":{"line":47,"column":23}},"47":{"start":{"line":48,"column":0},"end":{"line":48,"column":1}},"52":{"start":{"line":53,"column":0},"end":{"line":53,"column":41}},"53":{"start":{"line":54,"column":0},"end":{"line":54,"column":11}},"54":{"start":{"line":55,"column":0},"end":{"line":55,"column":29}},"55":{"start":{"line":56,"column":0},"end":{"line":56,"column":10}},"56":{"start":{"line":57,"column":0},"end":{"line":57,"column":31}},"57":{"start":{"line":58,"column":0},"end":{"line":58,"column":20}},"58":{"start":{"line":59,"column":0},"end":{"line":59,"column":34}},"59":{"start":{"line":60,"column":0},"end":{"line":60,"column":42}},"60":{"start":{"line":61,"column":0},"end":{"line":61,"column":41}},"61":{"start":{"line":62,"column":0},"end":{"line":62,"column":33}},"63":{"start":{"line":64,"column":0},"end":{"line":64,"column":1}}},"s":{"0":1,"10":1,"11":20,"12":20,"13":20,"14":20,"16":20,"19":20,"20":20,"22":20,"23":3,"24":3,"27":17,"28":17,"29":17,"30":93,"31":93,"32":17,"33":17,"36":17,"37":17,"38":17,"41":17,"42":17,"43":17,"46":17,"47":17,"52":1,"53":17,"54":17,"55":17,"56":17,"57":14,"58":13,"59":9,"60":7,"61":5,"63":17},"branchMap":{"0":{"type":"branch","line":11,"loc":{"start":{"line":11,"column":7},"end":{"line":48,"column":1}},"locations":[{"start":{"line":11,"column":7},"end":{"line":48,"column":1}}]},"1":{"type":"branch","line":23,"loc":{"start":{"line":23,"column":39},"end":{"line":25,"column":3}},"locations":[{"start":{"line":23,"column":39},"end":{"line":25,"column":3}}]},"2":{"type":"branch","line":25,"loc":{"start":{"line":25,"column":2},"end":{"line":48,"column":1}},"locations":[{"start":{"line":25,"column":2},"end":{"line":48,"column":1}}]},"3":{"type":"branch","line":30,"loc":{"start":{"line":30,"column":9},"end":{"line":33,"column":5}},"locations":[{"start":{"line":30,"column":9},"end":{"line":33,"column":5}}]},"4":{"type":"branch","line":53,"loc":{"start":{"line":53,"column":7},"end":{"line":64,"column":1}},"locations":[{"start":{"line":53,"column":7},"end":{"line":64,"column":1}}]},"5":{"type":"branch","line":57,"loc":{"start":{"line":57,"column":20},"end":{"line":58,"column":20}},"locations":[{"start":{"line":57,"column":20},"end":{"line":58,"column":20}}]},"6":{"type":"branch","line":58,"loc":{"start":{"line":58,"column":13},"end":{"line":59,"column":34}},"locations":[{"start":{"line":58,"column":13},"end":{"line":59,"column":34}}]},"7":{"type":"branch","line":59,"loc":{"start":{"line":59,"column":23},"end":{"line":60,"column":42}},"locations":[{"start":{"line":59,"column":23},"end":{"line":60,"column":42}}]},"8":{"type":"branch","line":60,"loc":{"start":{"line":60,"column":31},"end":{"line":61,"column":41}},"locations":[{"start":{"line":60,"column":31},"end":{"line":61,"column":41}}]},"9":{"type":"branch","line":61,"loc":{"start":{"line":61,"column":30},"end":{"line":62,"column":33}},"locations":[{"start":{"line":61,"column":30},"end":{"line":62,"column":33}}]}},"b":{"0":[20],"1":[3],"2":[17],"3":[93],"4":[17],"5":[14],"6":[13],"7":[9],"8":[7],"9":[5]},"fnMap":{"0":{"name":"verifyTelegramAuth","decl":{"start":{"line":11,"column":7},"end":{"line":48,"column":1}},"loc":{"start":{"line":11,"column":7},"end":{"line":48,"column":1}},"line":11},"1":{"name":"validateTelegramAuthData","decl":{"start":{"line":53,"column":7},"end":{"line":64,"column":1}},"loc":{"start":{"line":53,"column":7},"end":{"line":64,"column":1}},"line":53}},"f":{"0":20,"1":17}}
}
