TN:
SF:src/client.ts
FN:49,loadTelegramWidgetScript
FN:60,script.onload
FN:61,script.onerror
FN:69,telegramClient
FN:74,getActions
FN:79,signInWithTelegram
FN:92,linkTelegram
FN:104,unlinkTelegram
FN:115,getTelegramConfig
FN:142,initTelegramWidget
FN:178,window.<computed>
FN:219,initTelegramWidgetRedirect
FNF:12
FNH:10
FNDA:17,loadTelegramWidgetScript
FNDA:0,script.onload
FNDA:0,script.onerror
FNDA:34,telegramClient
FNDA:33,getActions
FNDA:4,signInWithTelegram
FNDA:3,linkTelegram
FNDA:4,unlinkTelegram
FNDA:3,getTelegramConfig
FNDA:11,initTelegramWidget
FNDA:2,window.<computed>
FNDA:6,initTelegramWidgetRedirect
DA:10,1
DA:49,17
DA:50,17
DA:52,17
DA:53,17
DA:54,17
DA:55,17
DA:57,0
DA:58,0
DA:59,0
DA:60,0
DA:61,0
DA:62,0
DA:63,17
DA:64,17
DA:69,1
DA:70,34
DA:71,34
DA:72,34
DA:74,34
DA:79,33
DA:80,4
DA:81,4
DA:82,4
DA:83,4
DA:85,3
DA:86,4
DA:92,33
DA:93,3
DA:94,3
DA:95,3
DA:96,3
DA:98,2
DA:99,3
DA:104,33
DA:105,4
DA:106,4
DA:107,4
DA:109,3
DA:110,4
DA:115,33
DA:116,3
DA:117,3
DA:118,3
DA:120,2
DA:121,3
DA:142,33
DA:143,11
DA:144,11
DA:145,11
DA:146,11
DA:148,11
DA:151,11
DA:152,11
DA:153,11
DA:155,11
DA:156,1
DA:157,1
DA:159,10
DA:160,10
DA:161,10
DA:162,10
DA:163,10
DA:164,10
DA:165,10
DA:166,10
DA:168,10
DA:169,11
DA:170,1
DA:171,1
DA:174,9
DA:177,9
DA:178,9
DA:179,2
DA:181,2
DA:182,2
DA:185,9
DA:186,9
DA:187,9
DA:188,9
DA:189,9
DA:190,9
DA:191,9
DA:192,9
DA:194,11
DA:195,1
DA:196,1
DA:198,11
DA:199,1
DA:200,1
DA:202,9
DA:203,11
DA:219,33
DA:220,6
DA:221,6
DA:222,6
DA:223,6
DA:225,6
DA:228,6
DA:229,6
DA:230,6
DA:232,6
DA:233,0
DA:234,0
DA:236,6
DA:237,6
DA:238,6
DA:239,6
DA:240,6
DA:241,6
DA:242,6
DA:243,6
DA:245,6
DA:246,6
DA:247,1
DA:248,1
DA:251,5
DA:254,5
DA:255,5
DA:256,5
DA:257,5
DA:258,5
DA:259,5
DA:260,5
DA:261,5
DA:263,6
DA:264,1
DA:265,1
DA:267,6
DA:268,1
DA:269,1
DA:271,5
DA:272,6
DA:273,33
DA:274,34
DA:275,34
DA:277,1
LF:137
LH:129
BRDA:49,0,0,17
BRDA:50,1,0,17
BRDA:55,2,0,0
BRDA:69,3,0,34
BRDA:74,4,0,33
BRDA:79,5,0,4
BRDA:83,6,0,3
BRDA:92,7,0,3
BRDA:96,8,0,2
BRDA:104,9,0,4
BRDA:107,10,0,3
BRDA:115,11,0,3
BRDA:118,12,0,2
BRDA:142,13,0,11
BRDA:155,14,0,1
BRDA:157,15,0,10
BRDA:169,16,0,1
BRDA:171,17,0,9
BRDA:194,18,0,1
BRDA:196,19,0,9
BRDA:198,20,0,1
BRDA:200,21,0,9
BRDA:178,22,0,2
BRDA:219,23,0,6
BRDA:232,24,0,0
BRDA:246,25,0,1
BRDA:248,26,0,5
BRDA:263,27,0,1
BRDA:265,28,0,5
BRDA:267,29,0,1
BRDA:269,30,0,5
BRF:31
BRH:29
end_of_record
TN:
SF:src/verify.ts
FN:11,verifyTelegramAuth
FN:53,validateTelegramAuthData
FNF:2
FNH:2
FNDA:20,verifyTelegramAuth
FNDA:17,validateTelegramAuthData
DA:1,1
DA:11,1
DA:12,20
DA:13,20
DA:14,20
DA:15,20
DA:17,20
DA:20,20
DA:21,20
DA:23,20
DA:24,3
DA:25,3
DA:28,17
DA:29,17
DA:30,17
DA:31,93
DA:32,93
DA:33,17
DA:34,17
DA:37,17
DA:38,17
DA:39,17
DA:42,17
DA:43,17
DA:44,17
DA:47,17
DA:48,17
DA:53,1
DA:54,17
DA:55,17
DA:56,17
DA:57,17
DA:58,14
DA:59,13
DA:60,9
DA:61,7
DA:62,5
DA:64,17
LF:38
LH:38
BRDA:11,0,0,20
BRDA:23,1,0,3
BRDA:25,2,0,17
BRDA:30,3,0,93
BRDA:53,4,0,17
BRDA:57,5,0,14
BRDA:58,6,0,13
BRDA:59,7,0,9
BRDA:60,8,0,7
BRDA:61,9,0,5
BRF:10
BRH:10
end_of_record
